<?xml version="1.0" encoding="UTF-8"?>
<testsuite xmlns:xsi="http://www.w3.org/2001/XMLSchema-instance" xsi:noNamespaceSchemaLocation="https://maven.apache.org/surefire/maven-surefire-plugin/xsd/surefire-test-report-3.0.xsd" version="3.0" name="com.mvprojects.SB3AzureMySQLcrud.Sb3AzureMySqLcrudApplicationTests" time="17.331" tests="1" errors="0" skipped="0" failures="0">
  <properties>
[...]
</properties>
  <testcase name="contextLoads" classname="com.mvprojects.SB3AzureMySQLcrud.Sb3AzureMySqLcrudApplicationTests" time="0.02">
    <system-out><![CDATA[2024-02-08T13:54:49.271-03:00  INFO 13448 --- [           main] t.c.s.AnnotationConfigContextLoaderUtils : Could not detect default configuration classes for test class [com.mvprojects.SB3AzureMySQLcrud.Sb3AzureMySqLcrudApplicationTests]: Sb3AzureMySqLcrudApplicationTests does not declare any static, non-private, non-final, nested classes annotated with @Configuration.
2024-02-08T13:54:49.329-03:00  INFO 13448 --- [           main] .b.t.c.SpringBootTestContextBootstrapper : Found @SpringBootConfiguration com.mvprojects.SB3AzureMySQLcrud.Sb3AzureMySqLcrudApplication for test class com.mvprojects.SB3AzureMySQLcrud.Sb3AzureMySqLcrudApplicationTests
2024-02-08T13:54:49.376-03:00  INFO 13448 --- [           main] o.s.b.d.r.RestartApplicationListener     : Restart disabled due to context in which it is running

  .   ____          _            __ _ _
 /\\ / ___'_ __ _ _(_)_ __  __ _ \ \ \ \
( ( )\___ | '_ | '_| | '_ \/ _` | \ \ \ \
 \\/  ___)| |_)| | | | | || (_| |  ) ) ) )
  '  |____| .__|_| |_|_| |_\__, | / / / /
 =========|_|==============|___/=/_/_/_/
 :: Spring Boot ::                (v3.1.5)

2024-02-08T13:54:49.665-03:00  INFO 13448 --- [           main] c.m.S.Sb3AzureMySqLcrudApplicationTests  : Starting Sb3AzureMySqLcrudApplicationTests using Java 17 with PID 13448 (started by arlan in C:\Users\arlan\Documents\AZURE\SB3AzureMySQLcrud)
2024-02-08T13:54:49.666-03:00  INFO 13448 --- [           main] c.m.S.Sb3AzureMySqLcrudApplicationTests  : The following 1 profile is active: "dev"
2024-02-08T13:54:51.711-03:00  INFO 13448 --- [           main] .s.d.r.c.RepositoryConfigurationDelegate : Multiple Spring Data modules found, entering strict repository configuration mode
2024-02-08T13:54:51.717-03:00  INFO 13448 --- [           main] .s.d.r.c.RepositoryConfigurationDelegate : Bootstrapping Spring Data JDBC repositories in DEFAULT mode.
2024-02-08T13:54:51.832-03:00  INFO 13448 --- [           main] .RepositoryConfigurationExtensionSupport : Spring Data JDBC - Could not safely identify store assignment for repository candidate interface com.mvprojects.SB3AzureMySQLcrud.domain.repository.ProductRepository; If you want this repository to be a JDBC repository, consider annotating your entities with one of these annotations: org.springframework.data.relational.core.mapping.Table.
2024-02-08T13:54:51.835-03:00  INFO 13448 --- [           main] .s.d.r.c.RepositoryConfigurationDelegate : Finished Spring Data repository scanning in 98 ms. Found 0 JDBC repository interfaces.
2024-02-08T13:54:51.887-03:00  INFO 13448 --- [           main] .s.d.r.c.RepositoryConfigurationDelegate : Multiple Spring Data modules found, entering strict repository configuration mode
2024-02-08T13:54:51.892-03:00  INFO 13448 --- [           main] .s.d.r.c.RepositoryConfigurationDelegate : Bootstrapping Spring Data JPA repositories in DEFAULT mode.
2024-02-08T13:54:52.082-03:00  INFO 13448 --- [           main] .s.d.r.c.RepositoryConfigurationDelegate : Finished Spring Data repository scanning in 169 ms. Found 1 JPA repository interfaces.
2024-02-08T13:54:52.912-03:00  INFO 13448 --- [           main] trationDelegate$BeanPostProcessorChecker : Bean 'com.azure.spring.cloud.autoconfigure.implementation.jdbc.AzureJdbcAutoConfiguration' of type [com.azure.spring.cloud.autoconfigure.implementation.jdbc.AzureJdbcAutoConfiguration] is not eligible for getting processed by all BeanPostProcessors (for example: not eligible for auto-proxying)
2024-02-08T13:54:52.918-03:00  INFO 13448 --- [           main] trationDelegate$BeanPostProcessorChecker : Bean 'springTokenCredentialProviderContextProvider' of type [com.azure.spring.cloud.autoconfigure.implementation.jdbc.SpringTokenCredentialProviderContextProvider] is not eligible for getting processed by all BeanPostProcessors (for example: not eligible for auto-proxying)
2024-02-08T13:54:53.609-03:00  INFO 13448 --- [           main] o.hibernate.jpa.internal.util.LogHelper  : HHH000204: Processing PersistenceUnitInfo [name: default]
2024-02-08T13:54:53.966-03:00  INFO 13448 --- [           main] org.hibernate.Version                    : HHH000412: Hibernate ORM core version 6.2.13.Final
2024-02-08T13:54:53.978-03:00  INFO 13448 --- [           main] org.hibernate.cfg.Environment            : HHH000406: Using bytecode reflection optimizer
2024-02-08T13:54:54.582-03:00  INFO 13448 --- [           main] o.s.o.j.p.SpringPersistenceUnitInfo      : No LoadTimeWeaver setup: ignoring JPA class transformer
2024-02-08T13:54:54.771-03:00  INFO 13448 --- [           main] com.zaxxer.hikari.HikariDataSource       : HikariPool-1 - Starting...
2024-02-08T13:54:56.201-03:00  INFO 13448 --- [           main] com.zaxxer.hikari.pool.HikariPool        : HikariPool-1 - Added connection com.mysql.cj.jdbc.ConnectionImpl@7d76d72a
2024-02-08T13:54:56.210-03:00  INFO 13448 --- [           main] com.zaxxer.hikari.HikariDataSource       : HikariPool-1 - Start completed.
2024-02-08T13:54:56.518-03:00  WARN 13448 --- [           main] org.hibernate.orm.deprecation            : HHH90000025: MySQL8Dialect does not need to be specified explicitly using 'hibernate.dialect' (remove the property setting and it will be selected by default)
2024-02-08T13:54:56.528-03:00  WARN 13448 --- [           main] org.hibernate.orm.deprecation            : HHH90000026: MySQL8Dialect has been deprecated; use org.hibernate.dialect.MySQLDialect instead
2024-02-08T13:54:59.869-03:00  INFO 13448 --- [           main] o.h.e.t.j.p.i.JtaPlatformInitiator       : HHH000489: No JTA platform available (set 'hibernate.transaction.jta.platform' to enable JTA platform integration)
2024-02-08T13:55:00.118-03:00  INFO 13448 --- [           main] j.LocalContainerEntityManagerFactoryBean : Initialized JPA EntityManagerFactory for persistence unit 'default'
2024-02-08T13:55:02.712-03:00  WARN 13448 --- [           main] JpaBaseConfiguration$JpaWebConfiguration : spring.jpa.open-in-view is enabled by default. Therefore, database queries may be performed during view rendering. Explicitly configure spring.jpa.open-in-view to disable this warning
2024-02-08T13:55:05.285-03:00  INFO 13448 --- [           main] AbstractAzureServiceClientBuilderFactory : Will configure the default credential of type DefaultAzureCredential for class com.azure.identity.DefaultAzureCredentialBuilder.
2024-02-08T13:55:06.559-03:00  INFO 13448 --- [           main] c.m.S.Sb3AzureMySqLcrudApplicationTests  : Started Sb3AzureMySqLcrudApplicationTests in 17.182 seconds (process running for 38.058)
]]></system-out>
  </testcase>
</testsuite>