<?xml version="1.0" encoding="UTF-8"?>
<testsuite xmlns:xsi="http://www.w3.org/2001/XMLSchema-instance" xsi:noNamespaceSchemaLocation="https://maven.apache.org/surefire/maven-surefire-plugin/xsd/surefire-test-report-3.0.xsd" version="3.0" name="com.mvprojects.SB3AzureMySQLcrud.domain.service.ProductServiceImpTest" time="5.455" tests="8" errors="0" skipped="0" failures="0">
  <properties>
[...]
</properties>
  <testcase name="getProductById" classname="com.mvprojects.SB3AzureMySQLcrud.domain.service.ProductServiceImpTest" time="4.993"/>
  <testcase name="updateProduct" classname="com.mvprojects.SB3AzureMySQLcrud.domain.service.ProductServiceImpTest" time="0.075"/>
  <testcase name="updateProductNotFound" classname="com.mvprojects.SB3AzureMySQLcrud.domain.service.ProductServiceImpTest" time="0.034"/>
  <testcase name="getAllProducts" classname="com.mvprojects.SB3AzureMySQLcrud.domain.service.ProductServiceImpTest" time="0.033"/>
  <testcase name="getProductByIdNotFound" classname="com.mvprojects.SB3AzureMySQLcrud.domain.service.ProductServiceImpTest" time="0.021"/>
  <testcase name="deleteById" classname="com.mvprojects.SB3AzureMySQLcrud.domain.service.ProductServiceImpTest" time="0.025"/>
  <testcase name="createProduct_DuplicateSku_ThrowsException" classname="com.mvprojects.SB3AzureMySQLcrud.domain.service.ProductServiceImpTest" time="0.031"/>
  <testcase name="createProduct" classname="com.mvprojects.SB3AzureMySQLcrud.domain.service.ProductServiceImpTest" time="0.022"/>
</testsuite>